<?xml version="1.0" encoding="UTF-8"?>
<testsuite xmlns:xsi="http://www.w3.org/2001/XMLSchema-instance" xsi:noNamespaceSchemaLocation="https://maven.apache.org/surefire/maven-surefire-plugin/xsd/surefire-test-report-3.0.xsd" version="3.0" name="ar.edu.unq.cucumber.eliminaciondeproducto.EliminacionDeProductoTest" time="9.641" tests="2" errors="0" skipped="0" failures="0">
  <properties>
    <property name="sun.desktop" value="gnome"/>
    <property name="awt.toolkit" value="sun.awt.X11.XToolkit"/>
    <property name="java.specification.version" value="11"/>
    <property name="sun.cpu.isalist" value=""/>
    <property name="sun.jnu.encoding" value="UTF-8"/>
    <property name="java.class.path" value="/home/cristian/Documentos/EIngenieriaSoft/Proyectos/sietelotos-bk/target/test-classes:/home/cristian/Documentos/EIngenieriaSoft/Proyectos/sietelotos-bk/target/classes:/home/cristian/.m2/repository/io/javalin/javalin/3.11.0/javalin-3.11.0.jar:/home/cristian/.m2/repository/org/eclipse/jetty/jetty-server/9.4.31.v20200723/jetty-server-9.4.31.v20200723.jar:/home/cristian/.m2/repository/javax/servlet/javax.servlet-api/3.1.0/javax.servlet-api-3.1.0.jar:/home/cristian/.m2/repository/org/eclipse/jetty/jetty-http/9.4.31.v20200723/jetty-http-9.4.31.v20200723.jar:/home/cristian/.m2/repository/org/eclipse/jetty/jetty-util/9.4.31.v20200723/jetty-util-9.4.31.v20200723.jar:/home/cristian/.m2/repository/org/eclipse/jetty/jetty-io/9.4.31.v20200723/jetty-io-9.4.31.v20200723.jar:/home/cristian/.m2/repository/org/eclipse/jetty/jetty-webapp/9.4.31.v20200723/jetty-webapp-9.4.31.v20200723.jar:/home/cristian/.m2/repository/org/eclipse/jetty/jetty-xml/9.4.31.v20200723/jetty-xml-9.4.31.v20200723.jar:/home/cristian/.m2/repository/org/eclipse/jetty/jetty-servlet/9.4.31.v20200723/jetty-servlet-9.4.31.v20200723.jar:/home/cristian/.m2/repository/org/eclipse/jetty/jetty-security/9.4.31.v20200723/jetty-security-9.4.31.v20200723.jar:/home/cristian/.m2/repository/org/eclipse/jetty/websocket/websocket-server/9.4.31.v20200723/websocket-server-9.4.31.v20200723.jar:/home/cristian/.m2/repository/org/eclipse/jetty/websocket/websocket-common/9.4.31.v20200723/websocket-common-9.4.31.v20200723.jar:/home/cristian/.m2/repository/org/eclipse/jetty/websocket/websocket-api/9.4.31.v20200723/websocket-api-9.4.31.v20200723.jar:/home/cristian/.m2/repository/org/eclipse/jetty/websocket/websocket-client/9.4.31.v20200723/websocket-client-9.4.31.v20200723.jar:/home/cristian/.m2/repository/org/eclipse/jetty/jetty-client/9.4.31.v20200723/jetty-client-9.4.31.v20200723.jar:/home/cristian/.m2/repository/org/eclipse/jetty/websocket/websocket-servlet/9.4.31.v20200723/websocket-servlet-9.4.31.v20200723.jar:/home/cristian/.m2/repository/org/jetbrains/kotlin/kotlin-stdlib-jdk8/1.3.71/kotlin-stdlib-jdk8-1.3.71.jar:/home/cristian/.m2/repository/org/jetbrains/kotlin/kotlin-stdlib-jdk7/1.3.71/kotlin-stdlib-jdk7-1.3.71.jar:/home/cristian/.m2/repository/com/github/kmehrunes/javalin-jwt/v0.2/javalin-jwt-v0.2.jar:/home/cristian/.m2/repository/com/auth0/java-jwt/3.4.0/java-jwt-3.4.0.jar:/home/cristian/.m2/repository/commons-codec/commons-codec/1.11/commons-codec-1.11.jar:/home/cristian/.m2/repository/com/google/code/gson/gson/2.8.0/gson-2.8.0.jar:/home/cristian/.m2/repository/org/jetbrains/kotlin/kotlin-stdlib/1.4.10/kotlin-stdlib-1.4.10.jar:/home/cristian/.m2/repository/org/jetbrains/kotlin/kotlin-stdlib-common/1.4.10/kotlin-stdlib-common-1.4.10.jar:/home/cristian/.m2/repository/org/jetbrains/annotations/13.0/annotations-13.0.jar:/home/cristian/.m2/repository/org/jetbrains/kotlin/kotlin-runtime/1.2.41/kotlin-runtime-1.2.41.jar:/home/cristian/.m2/repository/org/jetbrains/kotlin/kotlin-test-junit/1.3.72/kotlin-test-junit-1.3.72.jar:/home/cristian/.m2/repository/org/jetbrains/kotlin/kotlin-test-annotations-common/1.3.72/kotlin-test-annotations-common-1.3.72.jar:/home/cristian/.m2/repository/org/jetbrains/kotlin/kotlin-test/1.3.72/kotlin-test-1.3.72.jar:/home/cristian/.m2/repository/org/jetbrains/kotlin/kotlin-test-common/1.3.72/kotlin-test-common-1.3.72.jar:/home/cristian/.m2/repository/junit/junit/4.13.1/junit-4.13.1.jar:/home/cristian/.m2/repository/org/hamcrest/hamcrest-core/1.3/hamcrest-core-1.3.jar:/home/cristian/.m2/repository/org/mongodb/mongo-java-driver/3.12.7/mongo-java-driver-3.12.7.jar:/home/cristian/.m2/repository/org/slf4j/slf4j-simple/1.7.30/slf4j-simple-1.7.30.jar:/home/cristian/.m2/repository/org/slf4j/slf4j-api/1.7.30/slf4j-api-1.7.30.jar:/home/cristian/.m2/repository/org/jongo/jongo/1.3.1/jongo-1.3.1.jar:/home/cristian/.m2/repository/com/fasterxml/jackson/core/jackson-core/2.7.9/jackson-core-2.7.9.jar:/home/cristian/.m2/repository/com/fasterxml/jackson/core/jackson-databind/2.7.9.3/jackson-databind-2.7.9.3.jar:/home/cristian/.m2/repository/com/fasterxml/jackson/core/jackson-annotations/2.7.9/jackson-annotations-2.7.9.jar:/home/cristian/.m2/repository/de/undercouch/bson4jackson/2.7.0/bson4jackson-2.7.0.jar:/home/cristian/.m2/repository/io/cucumber/cucumber-java/6.8.1/cucumber-java-6.8.1.jar:/home/cristian/.m2/repository/io/cucumber/cucumber-core/6.8.1/cucumber-core-6.8.1.jar:/home/cristian/.m2/repository/io/cucumber/cucumber-gherkin/6.8.1/cucumber-gherkin-6.8.1.jar:/home/cristian/.m2/repository/io/cucumber/cucumber-gherkin-messages/6.8.1/cucumber-gherkin-messages-6.8.1.jar:/home/cristian/.m2/repository/io/cucumber/messages/13.1.0/messages-13.1.0.jar:/home/cristian/.m2/repository/io/cucumber/tag-expressions/3.0.0/tag-expressions-3.0.0.jar:/home/cristian/.m2/repository/io/cucumber/cucumber-expressions/10.3.0/cucumber-expressions-10.3.0.jar:/home/cristian/.m2/repository/io/cucumber/datatable/3.5.0/datatable-3.5.0.jar:/home/cristian/.m2/repository/io/cucumber/cucumber-plugin/6.8.1/cucumber-plugin-6.8.1.jar:/home/cristian/.m2/repository/io/cucumber/docstring/6.8.1/docstring-6.8.1.jar:/home/cristian/.m2/repository/io/cucumber/html-formatter/9.0.0/html-formatter-9.0.0.jar:/home/cristian/.m2/repository/io/cucumber/create-meta/2.0.2/create-meta-2.0.2.jar:/home/cristian/.m2/repository/org/apiguardian/apiguardian-api/1.1.0/apiguardian-api-1.1.0.jar:/home/cristian/.m2/repository/io/cucumber/cucumber-junit/6.8.1/cucumber-junit-6.8.1.jar:/home/cristian/.m2/repository/com/fasterxml/jackson/module/jackson-module-kotlin/2.10.3/jackson-module-kotlin-2.10.3.jar:/home/cristian/.m2/repository/org/jetbrains/kotlin/kotlin-reflect/1.3.61/kotlin-reflect-1.3.61.jar:/home/cristian/.m2/repository/org/mockito/mockito-core/3.6.0/mockito-core-3.6.0.jar:/home/cristian/.m2/repository/net/bytebuddy/byte-buddy/1.10.15/byte-buddy-1.10.15.jar:/home/cristian/.m2/repository/net/bytebuddy/byte-buddy-agent/1.10.15/byte-buddy-agent-1.10.15.jar:/home/cristian/.m2/repository/org/objenesis/objenesis/3.1/objenesis-3.1.jar:/home/cristian/.m2/repository/com/mercadopago/dx-java/1.7.1/dx-java-1.7.1.jar:/home/cristian/.m2/repository/org/apache/maven/plugins/maven-javadoc-plugin/3.2.0/maven-javadoc-plugin-3.2.0.jar:/home/cristian/.m2/repository/org/apache/maven/maven-core/3.0/maven-core-3.0.jar:/home/cristian/.m2/repository/org/apache/maven/maven-settings-builder/3.0/maven-settings-builder-3.0.jar:/home/cristian/.m2/repository/org/apache/maven/maven-repository-metadata/3.0/maven-repository-metadata-3.0.jar:/home/cristian/.m2/repository/org/apache/maven/maven-model-builder/3.0/maven-model-builder-3.0.jar:/home/cristian/.m2/repository/org/apache/maven/maven-aether-provider/3.0/maven-aether-provider-3.0.jar:/home/cristian/.m2/repository/org/sonatype/aether/aether-impl/1.7/aether-impl-1.7.jar:/home/cristian/.m2/repository/org/sonatype/aether/aether-spi/1.7/aether-spi-1.7.jar:/home/cristian/.m2/repository/org/sonatype/aether/aether-api/1.7/aether-api-1.7.jar:/home/cristian/.m2/repository/org/sonatype/aether/aether-util/1.7/aether-util-1.7.jar:/home/cristian/.m2/repository/org/sonatype/sisu/sisu-inject-plexus/1.4.2/sisu-inject-plexus-1.4.2.jar:/home/cristian/.m2/repository/org/sonatype/sisu/sisu-inject-bean/1.4.2/sisu-inject-bean-1.4.2.jar:/home/cristian/.m2/repository/org/sonatype/sisu/sisu-guice/2.1.7/sisu-guice-2.1.7-noaop.jar:/home/cristian/.m2/repository/org/codehaus/plexus/plexus-interpolation/1.14/plexus-interpolation-1.14.jar:/home/cristian/.m2/repository/org/codehaus/plexus/plexus-classworlds/2.2.3/plexus-classworlds-2.2.3.jar:/home/cristian/.m2/repository/org/codehaus/plexus/plexus-component-annotations/1.5.5/plexus-component-annotations-1.5.5.jar:/home/cristian/.m2/repository/org/sonatype/plexus/plexus-sec-dispatcher/1.3/plexus-sec-dispatcher-1.3.jar:/home/cristian/.m2/repository/org/sonatype/plexus/plexus-cipher/1.4/plexus-cipher-1.4.jar:/home/cristian/.m2/repository/org/apache/maven/maven-model/3.0/maven-model-3.0.jar:/home/cristian/.m2/repository/org/apache/maven/maven-settings/3.0/maven-settings-3.0.jar:/home/cristian/.m2/repository/org/apache/maven/maven-plugin-api/3.0/maven-plugin-api-3.0.jar:/home/cristian/.m2/repository/org/apache/maven/maven-artifact/3.0/maven-artifact-3.0.jar:/home/cristian/.m2/repository/org/apache/maven/reporting/maven-reporting-api/3.0/maven-reporting-api-3.0.jar:/home/cristian/.m2/repository/org/apache/maven/maven-archiver/3.5.0/maven-archiver-3.5.0.jar:/home/cristian/.m2/repository/org/apache/maven/shared/maven-shared-utils/3.2.1/maven-shared-utils-3.2.1.jar:/home/cristian/.m2/repository/org/apache/maven/shared/maven-invoker/3.0.0/maven-invoker-3.0.0.jar:/home/cristian/.m2/repository/org/apache/maven/shared/maven-common-artifact-filters/3.0.0/maven-common-artifact-filters-3.0.0.jar:/home/cristian/.m2/repository/org/apache/maven/shared/maven-artifact-transfer/0.10.1/maven-artifact-transfer-0.10.1.jar:/home/cristian/.m2/repository/org/apache/maven/doxia/doxia-sink-api/1.7/doxia-sink-api-1.7.jar:/home/cristian/.m2/repository/org/apache/maven/doxia/doxia-logging-api/1.7/doxia-logging-api-1.7.jar:/home/cristian/.m2/repository/org/apache/maven/doxia/doxia-site-renderer/1.9.2/doxia-site-renderer-1.9.2.jar:/home/cristian/.m2/repository/org/apache/maven/doxia/doxia-core/1.9.1/doxia-core-1.9.1.jar:/home/cristian/.m2/repository/org/apache/maven/doxia/doxia-decoration-model/1.9.2/doxia-decoration-model-1.9.2.jar:/home/cristian/.m2/repository/org/apache/maven/doxia/doxia-skin-model/1.9.2/doxia-skin-model-1.9.2.jar:/home/cristian/.m2/repository/org/apache/maven/doxia/doxia-module-xhtml/1.9.1/doxia-module-xhtml-1.9.1.jar:/home/cristian/.m2/repository/org/apache/maven/doxia/doxia-module-xhtml5/1.9.1/doxia-module-xhtml5-1.9.1.jar:/home/cristian/.m2/repository/org/codehaus/plexus/plexus-i18n/1.0-beta-10/plexus-i18n-1.0-beta-10.jar:/home/cristian/.m2/repository/org/codehaus/plexus/plexus-container-default/1.0-alpha-30/plexus-container-default-1.0-alpha-30.jar:/home/cristian/.m2/repository/org/codehaus/plexus/plexus-velocity/1.2/plexus-velocity-1.2.jar:/home/cristian/.m2/repository/org/apache/velocity/velocity/1.7/velocity-1.7.jar:/home/cristian/.m2/repository/org/apache/velocity/velocity-tools/2.0/velocity-tools-2.0.jar:/home/cristian/.m2/repository/commons-chain/commons-chain/1.1/commons-chain-1.1.jar:/home/cristian/.m2/repository/dom4j/dom4j/1.1/dom4j-1.1.jar:/home/cristian/.m2/repository/oro/oro/2.0.8/oro-2.0.8.jar:/home/cristian/.m2/repository/commons-collections/commons-collections/3.2.2/commons-collections-3.2.2.jar:/home/cristian/.m2/repository/org/apache/maven/wagon/wagon-provider-api/2.4/wagon-provider-api-2.4.jar:/home/cristian/.m2/repository/com/thoughtworks/qdox/qdox/2.0-M10/qdox-2.0-M10.jar:/home/cristian/.m2/repository/org/codehaus/plexus/plexus-java/1.0.5/plexus-java-1.0.5.jar:/home/cristian/.m2/repository/org/ow2/asm/asm/7.2/asm-7.2.jar:/home/cristian/.m2/repository/org/codehaus/plexus/plexus-archiver/4.2.1/plexus-archiver-4.2.1.jar:/home/cristian/.m2/repository/org/apache/commons/commons-compress/1.19/commons-compress-1.19.jar:/home/cristian/.m2/repository/org/iq80/snappy/snappy/0.4/snappy-0.4.jar:/home/cristian/.m2/repository/org/tukaani/xz/1.8/xz-1.8.jar:/home/cristian/.m2/repository/org/codehaus/plexus/plexus-io/3.2.0/plexus-io-3.2.0.jar:/home/cristian/.m2/repository/org/codehaus/plexus/plexus-utils/3.3.0/plexus-utils-3.3.0.jar:/home/cristian/.m2/repository/org/codehaus/plexus/plexus-interactivity-api/1.0-alpha-6/plexus-interactivity-api-1.0-alpha-6.jar:/home/cristian/.m2/repository/com/google/guava/guava/30.1-jre/guava-30.1-jre.jar:/home/cristian/.m2/repository/com/google/guava/failureaccess/1.0.1/failureaccess-1.0.1.jar:/home/cristian/.m2/repository/com/google/guava/listenablefuture/9999.0-empty-to-avoid-conflict-with-guava/listenablefuture-9999.0-empty-to-avoid-conflict-with-guava.jar:/home/cristian/.m2/repository/com/google/code/findbugs/jsr305/3.0.2/jsr305-3.0.2.jar:/home/cristian/.m2/repository/org/checkerframework/checker-qual/3.5.0/checker-qual-3.5.0.jar:/home/cristian/.m2/repository/com/google/errorprone/error_prone_annotations/2.3.4/error_prone_annotations-2.3.4.jar:/home/cristian/.m2/repository/com/google/j2objc/j2objc-annotations/1.3/j2objc-annotations-1.3.jar:/home/cristian/.m2/repository/commons-io/commons-io/2.4/commons-io-2.4.jar:/home/cristian/.m2/repository/org/apache/httpcomponents/httpclient/4.5.9/httpclient-4.5.9.jar:/home/cristian/.m2/repository/org/apache/httpcomponents/httpcore/4.4.11/httpcore-4.4.11.jar:/home/cristian/.m2/repository/commons-logging/commons-logging/1.2/commons-logging-1.2.jar:/home/cristian/.m2/repository/org/apache/commons/commons-lang3/3.1/commons-lang3-3.1.jar:/home/cristian/.m2/repository/commons-lang/commons-lang/2.5/commons-lang-2.5.jar:/home/cristian/.m2/repository/commons-validator/commons-validator/1.4.0/commons-validator-1.4.0.jar:/home/cristian/.m2/repository/commons-beanutils/commons-beanutils/1.8.3/commons-beanutils-1.8.3.jar:/home/cristian/.m2/repository/commons-digester/commons-digester/1.8/commons-digester-1.8.jar:/home/cristian/.m2/repository/com/sun/jersey/jersey-core/1.17.1/jersey-core-1.17.1.jar:"/>
    <property name="java.vm.vendor" value="Ubuntu"/>
    <property name="sun.arch.data.model" value="64"/>
    <property name="java.vendor.url" value="https://ubuntu.com/"/>
    <property name="user.timezone" value=""/>
    <property name="java.vm.specification.version" value="11"/>
    <property name="os.name" value="Linux"/>
    <property name="sun.java.launcher" value="SUN_STANDARD"/>
    <property name="user.country" value="AR"/>
    <property name="sun.boot.library.path" value="/usr/lib/jvm/java-11-openjdk-amd64/lib"/>
    <property name="sun.java.command" value="/home/cristian/Documentos/EIngenieriaSoft/Proyectos/sietelotos-bk/target/surefire/surefirebooter578323438278495156.jar /home/cristian/Documentos/EIngenieriaSoft/Proyectos/sietelotos-bk/target/surefire 2021-02-21T15-55-20_806-jvmRun1 surefire10036039084997891858tmp surefire_05935992566391265578tmp"/>
    <property name="jdk.debug" value="release"/>
    <property name="maven.home" value="Invoker.setMavenHome()"/>
    <property name="surefire.test.class.path" value="/home/cristian/Documentos/EIngenieriaSoft/Proyectos/sietelotos-bk/target/test-classes:/home/cristian/Documentos/EIngenieriaSoft/Proyectos/sietelotos-bk/target/classes:/home/cristian/.m2/repository/io/javalin/javalin/3.11.0/javalin-3.11.0.jar:/home/cristian/.m2/repository/org/eclipse/jetty/jetty-server/9.4.31.v20200723/jetty-server-9.4.31.v20200723.jar:/home/cristian/.m2/repository/javax/servlet/javax.servlet-api/3.1.0/javax.servlet-api-3.1.0.jar:/home/cristian/.m2/repository/org/eclipse/jetty/jetty-http/9.4.31.v20200723/jetty-http-9.4.31.v20200723.jar:/home/cristian/.m2/repository/org/eclipse/jetty/jetty-util/9.4.31.v20200723/jetty-util-9.4.31.v20200723.jar:/home/cristian/.m2/repository/org/eclipse/jetty/jetty-io/9.4.31.v20200723/jetty-io-9.4.31.v20200723.jar:/home/cristian/.m2/repository/org/eclipse/jetty/jetty-webapp/9.4.31.v20200723/jetty-webapp-9.4.31.v20200723.jar:/home/cristian/.m2/repository/org/eclipse/jetty/jetty-xml/9.4.31.v20200723/jetty-xml-9.4.31.v20200723.jar:/home/cristian/.m2/repository/org/eclipse/jetty/jetty-servlet/9.4.31.v20200723/jetty-servlet-9.4.31.v20200723.jar:/home/cristian/.m2/repository/org/eclipse/jetty/jetty-security/9.4.31.v20200723/jetty-security-9.4.31.v20200723.jar:/home/cristian/.m2/repository/org/eclipse/jetty/websocket/websocket-server/9.4.31.v20200723/websocket-server-9.4.31.v20200723.jar:/home/cristian/.m2/repository/org/eclipse/jetty/websocket/websocket-common/9.4.31.v20200723/websocket-common-9.4.31.v20200723.jar:/home/cristian/.m2/repository/org/eclipse/jetty/websocket/websocket-api/9.4.31.v20200723/websocket-api-9.4.31.v20200723.jar:/home/cristian/.m2/repository/org/eclipse/jetty/websocket/websocket-client/9.4.31.v20200723/websocket-client-9.4.31.v20200723.jar:/home/cristian/.m2/repository/org/eclipse/jetty/jetty-client/9.4.31.v20200723/jetty-client-9.4.31.v20200723.jar:/home/cristian/.m2/repository/org/eclipse/jetty/websocket/websocket-servlet/9.4.31.v20200723/websocket-servlet-9.4.31.v20200723.jar:/home/cristian/.m2/repository/org/jetbrains/kotlin/kotlin-stdlib-jdk8/1.3.71/kotlin-stdlib-jdk8-1.3.71.jar:/home/cristian/.m2/repository/org/jetbrains/kotlin/kotlin-stdlib-jdk7/1.3.71/kotlin-stdlib-jdk7-1.3.71.jar:/home/cristian/.m2/repository/com/github/kmehrunes/javalin-jwt/v0.2/javalin-jwt-v0.2.jar:/home/cristian/.m2/repository/com/auth0/java-jwt/3.4.0/java-jwt-3.4.0.jar:/home/cristian/.m2/repository/commons-codec/commons-codec/1.11/commons-codec-1.11.jar:/home/cristian/.m2/repository/com/google/code/gson/gson/2.8.0/gson-2.8.0.jar:/home/cristian/.m2/repository/org/jetbrains/kotlin/kotlin-stdlib/1.4.10/kotlin-stdlib-1.4.10.jar:/home/cristian/.m2/repository/org/jetbrains/kotlin/kotlin-stdlib-common/1.4.10/kotlin-stdlib-common-1.4.10.jar:/home/cristian/.m2/repository/org/jetbrains/annotations/13.0/annotations-13.0.jar:/home/cristian/.m2/repository/org/jetbrains/kotlin/kotlin-runtime/1.2.41/kotlin-runtime-1.2.41.jar:/home/cristian/.m2/repository/org/jetbrains/kotlin/kotlin-test-junit/1.3.72/kotlin-test-junit-1.3.72.jar:/home/cristian/.m2/repository/org/jetbrains/kotlin/kotlin-test-annotations-common/1.3.72/kotlin-test-annotations-common-1.3.72.jar:/home/cristian/.m2/repository/org/jetbrains/kotlin/kotlin-test/1.3.72/kotlin-test-1.3.72.jar:/home/cristian/.m2/repository/org/jetbrains/kotlin/kotlin-test-common/1.3.72/kotlin-test-common-1.3.72.jar:/home/cristian/.m2/repository/junit/junit/4.13.1/junit-4.13.1.jar:/home/cristian/.m2/repository/org/hamcrest/hamcrest-core/1.3/hamcrest-core-1.3.jar:/home/cristian/.m2/repository/org/mongodb/mongo-java-driver/3.12.7/mongo-java-driver-3.12.7.jar:/home/cristian/.m2/repository/org/slf4j/slf4j-simple/1.7.30/slf4j-simple-1.7.30.jar:/home/cristian/.m2/repository/org/slf4j/slf4j-api/1.7.30/slf4j-api-1.7.30.jar:/home/cristian/.m2/repository/org/jongo/jongo/1.3.1/jongo-1.3.1.jar:/home/cristian/.m2/repository/com/fasterxml/jackson/core/jackson-core/2.7.9/jackson-core-2.7.9.jar:/home/cristian/.m2/repository/com/fasterxml/jackson/core/jackson-databind/2.7.9.3/jackson-databind-2.7.9.3.jar:/home/cristian/.m2/repository/com/fasterxml/jackson/core/jackson-annotations/2.7.9/jackson-annotations-2.7.9.jar:/home/cristian/.m2/repository/de/undercouch/bson4jackson/2.7.0/bson4jackson-2.7.0.jar:/home/cristian/.m2/repository/io/cucumber/cucumber-java/6.8.1/cucumber-java-6.8.1.jar:/home/cristian/.m2/repository/io/cucumber/cucumber-core/6.8.1/cucumber-core-6.8.1.jar:/home/cristian/.m2/repository/io/cucumber/cucumber-gherkin/6.8.1/cucumber-gherkin-6.8.1.jar:/home/cristian/.m2/repository/io/cucumber/cucumber-gherkin-messages/6.8.1/cucumber-gherkin-messages-6.8.1.jar:/home/cristian/.m2/repository/io/cucumber/messages/13.1.0/messages-13.1.0.jar:/home/cristian/.m2/repository/io/cucumber/tag-expressions/3.0.0/tag-expressions-3.0.0.jar:/home/cristian/.m2/repository/io/cucumber/cucumber-expressions/10.3.0/cucumber-expressions-10.3.0.jar:/home/cristian/.m2/repository/io/cucumber/datatable/3.5.0/datatable-3.5.0.jar:/home/cristian/.m2/repository/io/cucumber/cucumber-plugin/6.8.1/cucumber-plugin-6.8.1.jar:/home/cristian/.m2/repository/io/cucumber/docstring/6.8.1/docstring-6.8.1.jar:/home/cristian/.m2/repository/io/cucumber/html-formatter/9.0.0/html-formatter-9.0.0.jar:/home/cristian/.m2/repository/io/cucumber/create-meta/2.0.2/create-meta-2.0.2.jar:/home/cristian/.m2/repository/org/apiguardian/apiguardian-api/1.1.0/apiguardian-api-1.1.0.jar:/home/cristian/.m2/repository/io/cucumber/cucumber-junit/6.8.1/cucumber-junit-6.8.1.jar:/home/cristian/.m2/repository/com/fasterxml/jackson/module/jackson-module-kotlin/2.10.3/jackson-module-kotlin-2.10.3.jar:/home/cristian/.m2/repository/org/jetbrains/kotlin/kotlin-reflect/1.3.61/kotlin-reflect-1.3.61.jar:/home/cristian/.m2/repository/org/mockito/mockito-core/3.6.0/mockito-core-3.6.0.jar:/home/cristian/.m2/repository/net/bytebuddy/byte-buddy/1.10.15/byte-buddy-1.10.15.jar:/home/cristian/.m2/repository/net/bytebuddy/byte-buddy-agent/1.10.15/byte-buddy-agent-1.10.15.jar:/home/cristian/.m2/repository/org/objenesis/objenesis/3.1/objenesis-3.1.jar:/home/cristian/.m2/repository/com/mercadopago/dx-java/1.7.1/dx-java-1.7.1.jar:/home/cristian/.m2/repository/org/apache/maven/plugins/maven-javadoc-plugin/3.2.0/maven-javadoc-plugin-3.2.0.jar:/home/cristian/.m2/repository/org/apache/maven/maven-core/3.0/maven-core-3.0.jar:/home/cristian/.m2/repository/org/apache/maven/maven-settings-builder/3.0/maven-settings-builder-3.0.jar:/home/cristian/.m2/repository/org/apache/maven/maven-repository-metadata/3.0/maven-repository-metadata-3.0.jar:/home/cristian/.m2/repository/org/apache/maven/maven-model-builder/3.0/maven-model-builder-3.0.jar:/home/cristian/.m2/repository/org/apache/maven/maven-aether-provider/3.0/maven-aether-provider-3.0.jar:/home/cristian/.m2/repository/org/sonatype/aether/aether-impl/1.7/aether-impl-1.7.jar:/home/cristian/.m2/repository/org/sonatype/aether/aether-spi/1.7/aether-spi-1.7.jar:/home/cristian/.m2/repository/org/sonatype/aether/aether-api/1.7/aether-api-1.7.jar:/home/cristian/.m2/repository/org/sonatype/aether/aether-util/1.7/aether-util-1.7.jar:/home/cristian/.m2/repository/org/sonatype/sisu/sisu-inject-plexus/1.4.2/sisu-inject-plexus-1.4.2.jar:/home/cristian/.m2/repository/org/sonatype/sisu/sisu-inject-bean/1.4.2/sisu-inject-bean-1.4.2.jar:/home/cristian/.m2/repository/org/sonatype/sisu/sisu-guice/2.1.7/sisu-guice-2.1.7-noaop.jar:/home/cristian/.m2/repository/org/codehaus/plexus/plexus-interpolation/1.14/plexus-interpolation-1.14.jar:/home/cristian/.m2/repository/org/codehaus/plexus/plexus-classworlds/2.2.3/plexus-classworlds-2.2.3.jar:/home/cristian/.m2/repository/org/codehaus/plexus/plexus-component-annotations/1.5.5/plexus-component-annotations-1.5.5.jar:/home/cristian/.m2/repository/org/sonatype/plexus/plexus-sec-dispatcher/1.3/plexus-sec-dispatcher-1.3.jar:/home/cristian/.m2/repository/org/sonatype/plexus/plexus-cipher/1.4/plexus-cipher-1.4.jar:/home/cristian/.m2/repository/org/apache/maven/maven-model/3.0/maven-model-3.0.jar:/home/cristian/.m2/repository/org/apache/maven/maven-settings/3.0/maven-settings-3.0.jar:/home/cristian/.m2/repository/org/apache/maven/maven-plugin-api/3.0/maven-plugin-api-3.0.jar:/home/cristian/.m2/repository/org/apache/maven/maven-artifact/3.0/maven-artifact-3.0.jar:/home/cristian/.m2/repository/org/apache/maven/reporting/maven-reporting-api/3.0/maven-reporting-api-3.0.jar:/home/cristian/.m2/repository/org/apache/maven/maven-archiver/3.5.0/maven-archiver-3.5.0.jar:/home/cristian/.m2/repository/org/apache/maven/shared/maven-shared-utils/3.2.1/maven-shared-utils-3.2.1.jar:/home/cristian/.m2/repository/org/apache/maven/shared/maven-invoker/3.0.0/maven-invoker-3.0.0.jar:/home/cristian/.m2/repository/org/apache/maven/shared/maven-common-artifact-filters/3.0.0/maven-common-artifact-filters-3.0.0.jar:/home/cristian/.m2/repository/org/apache/maven/shared/maven-artifact-transfer/0.10.1/maven-artifact-transfer-0.10.1.jar:/home/cristian/.m2/repository/org/apache/maven/doxia/doxia-sink-api/1.7/doxia-sink-api-1.7.jar:/home/cristian/.m2/repository/org/apache/maven/doxia/doxia-logging-api/1.7/doxia-logging-api-1.7.jar:/home/cristian/.m2/repository/org/apache/maven/doxia/doxia-site-renderer/1.9.2/doxia-site-renderer-1.9.2.jar:/home/cristian/.m2/repository/org/apache/maven/doxia/doxia-core/1.9.1/doxia-core-1.9.1.jar:/home/cristian/.m2/repository/org/apache/maven/doxia/doxia-decoration-model/1.9.2/doxia-decoration-model-1.9.2.jar:/home/cristian/.m2/repository/org/apache/maven/doxia/doxia-skin-model/1.9.2/doxia-skin-model-1.9.2.jar:/home/cristian/.m2/repository/org/apache/maven/doxia/doxia-module-xhtml/1.9.1/doxia-module-xhtml-1.9.1.jar:/home/cristian/.m2/repository/org/apache/maven/doxia/doxia-module-xhtml5/1.9.1/doxia-module-xhtml5-1.9.1.jar:/home/cristian/.m2/repository/org/codehaus/plexus/plexus-i18n/1.0-beta-10/plexus-i18n-1.0-beta-10.jar:/home/cristian/.m2/repository/org/codehaus/plexus/plexus-container-default/1.0-alpha-30/plexus-container-default-1.0-alpha-30.jar:/home/cristian/.m2/repository/org/codehaus/plexus/plexus-velocity/1.2/plexus-velocity-1.2.jar:/home/cristian/.m2/repository/org/apache/velocity/velocity/1.7/velocity-1.7.jar:/home/cristian/.m2/repository/org/apache/velocity/velocity-tools/2.0/velocity-tools-2.0.jar:/home/cristian/.m2/repository/commons-chain/commons-chain/1.1/commons-chain-1.1.jar:/home/cristian/.m2/repository/dom4j/dom4j/1.1/dom4j-1.1.jar:/home/cristian/.m2/repository/oro/oro/2.0.8/oro-2.0.8.jar:/home/cristian/.m2/repository/commons-collections/commons-collections/3.2.2/commons-collections-3.2.2.jar:/home/cristian/.m2/repository/org/apache/maven/wagon/wagon-provider-api/2.4/wagon-provider-api-2.4.jar:/home/cristian/.m2/repository/com/thoughtworks/qdox/qdox/2.0-M10/qdox-2.0-M10.jar:/home/cristian/.m2/repository/org/codehaus/plexus/plexus-java/1.0.5/plexus-java-1.0.5.jar:/home/cristian/.m2/repository/org/ow2/asm/asm/7.2/asm-7.2.jar:/home/cristian/.m2/repository/org/codehaus/plexus/plexus-archiver/4.2.1/plexus-archiver-4.2.1.jar:/home/cristian/.m2/repository/org/apache/commons/commons-compress/1.19/commons-compress-1.19.jar:/home/cristian/.m2/repository/org/iq80/snappy/snappy/0.4/snappy-0.4.jar:/home/cristian/.m2/repository/org/tukaani/xz/1.8/xz-1.8.jar:/home/cristian/.m2/repository/org/codehaus/plexus/plexus-io/3.2.0/plexus-io-3.2.0.jar:/home/cristian/.m2/repository/org/codehaus/plexus/plexus-utils/3.3.0/plexus-utils-3.3.0.jar:/home/cristian/.m2/repository/org/codehaus/plexus/plexus-interactivity-api/1.0-alpha-6/plexus-interactivity-api-1.0-alpha-6.jar:/home/cristian/.m2/repository/com/google/guava/guava/30.1-jre/guava-30.1-jre.jar:/home/cristian/.m2/repository/com/google/guava/failureaccess/1.0.1/failureaccess-1.0.1.jar:/home/cristian/.m2/repository/com/google/guava/listenablefuture/9999.0-empty-to-avoid-conflict-with-guava/listenablefuture-9999.0-empty-to-avoid-conflict-with-guava.jar:/home/cristian/.m2/repository/com/google/code/findbugs/jsr305/3.0.2/jsr305-3.0.2.jar:/home/cristian/.m2/repository/org/checkerframework/checker-qual/3.5.0/checker-qual-3.5.0.jar:/home/cristian/.m2/repository/com/google/errorprone/error_prone_annotations/2.3.4/error_prone_annotations-2.3.4.jar:/home/cristian/.m2/repository/com/google/j2objc/j2objc-annotations/1.3/j2objc-annotations-1.3.jar:/home/cristian/.m2/repository/commons-io/commons-io/2.4/commons-io-2.4.jar:/home/cristian/.m2/repository/org/apache/httpcomponents/httpclient/4.5.9/httpclient-4.5.9.jar:/home/cristian/.m2/repository/org/apache/httpcomponents/httpcore/4.4.11/httpcore-4.4.11.jar:/home/cristian/.m2/repository/commons-logging/commons-logging/1.2/commons-logging-1.2.jar:/home/cristian/.m2/repository/org/apache/commons/commons-lang3/3.1/commons-lang3-3.1.jar:/home/cristian/.m2/repository/commons-lang/commons-lang/2.5/commons-lang-2.5.jar:/home/cristian/.m2/repository/commons-validator/commons-validator/1.4.0/commons-validator-1.4.0.jar:/home/cristian/.m2/repository/commons-beanutils/commons-beanutils/1.8.3/commons-beanutils-1.8.3.jar:/home/cristian/.m2/repository/commons-digester/commons-digester/1.8/commons-digester-1.8.jar:/home/cristian/.m2/repository/com/sun/jersey/jersey-core/1.17.1/jersey-core-1.17.1.jar:"/>
    <property name="sun.cpu.endian" value="little"/>
    <property name="user.home" value="/home/cristian"/>
    <property name="user.language" value="es"/>
    <property name="java.specification.vendor" value="Oracle Corporation"/>
    <property name="java.version.date" value="2021-01-19"/>
    <property name="java.home" value="/usr/lib/jvm/java-11-openjdk-amd64"/>
    <property name="file.separator" value="/"/>
    <property name="basedir" value="/home/cristian/Documentos/EIngenieriaSoft/Proyectos/sietelotos-bk"/>
    <property name="java.vm.compressedOopsMode" value="Zero based"/>
    <property name="line.separator" value="&#10;"/>
    <property name="java.specification.name" value="Java Platform API Specification"/>
    <property name="java.vm.specification.vendor" value="Oracle Corporation"/>
    <property name="java.awt.graphicsenv" value="sun.awt.X11GraphicsEnvironment"/>
    <property name="surefire.real.class.path" value="/home/cristian/Documentos/EIngenieriaSoft/Proyectos/sietelotos-bk/target/surefire/surefirebooter578323438278495156.jar"/>
    <property name="sun.management.compiler" value="HotSpot 64-Bit Tiered Compilers"/>
    <property name="java.runtime.version" value="11.0.10+9-Ubuntu-0ubuntu1.20.04"/>
    <property name="user.name" value="cristian"/>
    <property name="path.separator" value=":"/>
    <property name="os.version" value="5.8.0-43-generic"/>
    <property name="java.runtime.name" value="OpenJDK Runtime Environment"/>
    <property name="file.encoding" value="UTF-8"/>
    <property name="java.vm.name" value="OpenJDK 64-Bit Server VM"/>
    <property name="localRepository" value="/home/cristian/.m2/repository"/>
    <property name="java.vendor.url.bug" value="https://bugs.launchpad.net/ubuntu/+source/openjdk-lts"/>
    <property name="java.io.tmpdir" value="/tmp"/>
    <property name="java.version" value="11.0.10"/>
    <property name="user.dir" value="/home/cristian/Documentos/EIngenieriaSoft/Proyectos/sietelotos-bk"/>
    <property name="os.arch" value="amd64"/>
    <property name="java.vm.specification.name" value="Java Virtual Machine Specification"/>
    <property name="java.awt.printerjob" value="sun.print.PSPrinterJob"/>
    <property name="sun.os.patch.level" value="unknown"/>
    <property name="java.library.path" value="/usr/java/packages/lib:/usr/lib/x86_64-linux-gnu/jni:/lib/x86_64-linux-gnu:/usr/lib/x86_64-linux-gnu:/usr/lib/jni:/lib:/usr/lib"/>
    <property name="java.vm.info" value="mixed mode, sharing"/>
    <property name="java.vendor" value="Ubuntu"/>
    <property name="java.vm.version" value="11.0.10+9-Ubuntu-0ubuntu1.20.04"/>
    <property name="sun.io.unicode.encoding" value="UnicodeLittle"/>
    <property name="java.class.version" value="55.0"/>
  </properties>
  <testcase name="Al seleccionar un proveedor y se despliegan todos los productos del proveedor" classname="Eliminacion de Producto" time="3.823"/>
  <testcase name="Al presionar el icono de eliminar se elimina el producto y se recibe una notificación de baja exitosa" classname="Eliminacion de Producto" time="5.809"/>
</testsuite>